7.0000000000
10.0000000000
11.5000000000
12.2500000000
12.6250000000
12.8125000000
12.9062500000
12.9531250000
12.9765625000
12.9882812500
12.9941406250
12.9970703125
12.9985351562
12.9992675781
12.9996337891
12.9998168945
12.9999084473
12.9999542236
12.9999771118
12.9999885559
12.9999942780
12.9999971390
12.9999985695
12.9999992847
12.9999996424
12.9999998212
12.9999999106
12.9999999553
12.9999999776
12.9999999888
12.9999999944
12.9999999972
12.9999999986
12.9999999993
12.9999999997
12.9999999998
12.9999999999
13.0000000000
13.0000000000
13.0000000000
13.0000000000
13.0000000000
13.0000000000
13.0000000000
13.0000000000
13.0000000000
13.0000000000
13.0000000000
13.0000000000
13.0000000000
13.0000000000
13.0000000000
